<?xml version="1.0" encoding="UTF-8"?>
<testsuite name="com.example.githubproxy.GithubControllerIntegrationTest" tests="3" skipped="0" failures="0" errors="0" timestamp="2026-06-01T20:55:59.716Z" hostname="LAPTOP-P9LV5E4O" time="4.635">
  <properties/>
  <testcase name="shouldReturn404WithErrorBodyForNonExistingUser()" classname="com.example.githubproxy.GithubControllerIntegrationTest" time="1.137"/>
  <testcase name="shouldReturnEmptyListWhenAllRepositoriesAreForks()" classname="com.example.githubproxy.GithubControllerIntegrationTest" time="0.103"/>
  <testcase name="shouldReturnNonForkRepositoriesWithBranches()" classname="com.example.githubproxy.GithubControllerIntegrationTest" time="0.033"/>
  <system-out><![CDATA[22:55:59.877 [Test worker] INFO org.springframework.test.context.support.AnnotationConfigContextLoaderUtils -- Could not detect default configuration classes for test class [com.example.githubproxy.GithubControllerIntegrationTest]: GithubControllerIntegrationTest does not declare any static, non-private, non-final, nested classes annotated with @Configuration.
22:56:00.107 [Test worker] INFO org.springframework.boot.test.context.SpringBootTestContextBootstrapper -- Found @SpringBootConfiguration com.example.githubproxy.GithubProxyApplication for test class com.example.githubproxy.GithubControllerIntegrationTest

  .   ____          _            __ _ _
 /\\ / ___'_ __ _ _(_)_ __  __ _ \ \ \ \
( ( )\___ | '_ | '_| | '_ \/ _` | \ \ \ \
 \\/  ___)| |_)| | | | | || (_| |  ) ) ) )
  '  |____| .__|_| |_|_| |_\__, | / / / /
 =========|_|==============|___/=/_/_/_/

 :: Spring Boot ::                (v4.0.0)

2026-06-01T22:56:00.567+02:00  INFO 24456 --- [    Test worker] org.wiremock.spring.internal.Store       : Resolving store from context: application
2026-06-01T22:56:00.601+02:00  INFO 24456 --- [    Test worker] c.w.s.i.WireMockServerCreator github-api : Looking for mocks in directory wiremock... 
2026-06-01T22:56:00.601+02:00  INFO 24456 --- [    Test worker] c.w.s.i.WireMockServerCreator github-api : Looking for mocks in directory stubs... 
2026-06-01T22:56:00.602+02:00  INFO 24456 --- [    Test worker] c.w.s.i.WireMockServerCreator github-api : Looking for mocks in directory mappings... 
2026-06-01T22:56:00.602+02:00  INFO 24456 --- [    Test worker] c.w.s.i.WireMockServerCreator github-api : Looking for mocks in directory src\test\resources\wiremock... 
2026-06-01T22:56:00.602+02:00  INFO 24456 --- [    Test worker] c.w.s.i.WireMockServerCreator github-api : Looking for mocks in directory src\test\resources\stubs... 
2026-06-01T22:56:00.602+02:00  INFO 24456 --- [    Test worker] c.w.s.i.WireMockServerCreator github-api : Looking for mocks in directory src\test\resources\mappings... 
2026-06-01T22:56:00.602+02:00  INFO 24456 --- [    Test worker] c.w.s.i.WireMockServerCreator github-api : Looking for mocks in directory src\integtest\resources\wiremock... 
2026-06-01T22:56:00.603+02:00  INFO 24456 --- [    Test worker] c.w.s.i.WireMockServerCreator github-api : Looking for mocks in directory src\integtest\resources\stubs... 
2026-06-01T22:56:00.603+02:00  INFO 24456 --- [    Test worker] c.w.s.i.WireMockServerCreator github-api : Looking for mocks in directory src\integtest\resources\mappings... 
2026-06-01T22:56:00.604+02:00  INFO 24456 --- [    Test worker] c.w.s.i.WireMockServerCreator github-api : No mocks found under directory
2026-06-01T22:56:00.606+02:00  INFO 24456 --- [    Test worker] c.w.s.i.WireMockServerCreator github-api : Configuring WireMockServer with name 'github-api' on HTTP port: 0 and HTTPS port: -1
2026-06-01T22:56:01.496+02:00  INFO 24456 --- [    Test worker] WireMock.github-api                      : Using HTTP server impl: Jetty12HttpServer
2026-06-01T22:56:01.509+02:00  INFO 24456 --- [    Test worker] org.eclipse.jetty.server.Server          : jetty-12.1.4; built: 2025-11-10T17:42:37.481Z; git: 4137e00793d583cfc4ce76bf607e482178a85597; jvm 25.0.2+10-LTS
2026-06-01T22:56:01.534+02:00  INFO 24456 --- [    Test worker] o.e.jetty.server.handler.ContextHandler  : Started oeje10s.ServletContextHandler@18e4674d{/__admin,/__admin,b=null,a=AVAILABLE,h=oeje10s.ServletHandler@f245bdd{STARTED}}
2026-06-01T22:56:01.537+02:00  WARN 24456 --- [    Test worker] o.eclipse.jetty.util.DeprecationWarning  : Using @Deprecated Class org.eclipse.jetty.ee10.servlets.CrossOriginFilter
2026-06-01T22:56:01.541+02:00  INFO 24456 --- [    Test worker] o.e.j.e.servlet.ServletContextHandler    : Started oeje10s.ServletContextHandler@18e4674d{/__admin,/__admin,b=null,a=AVAILABLE,h=oeje10s.ServletHandler@f245bdd{STARTED}}
2026-06-01T22:56:01.543+02:00  INFO 24456 --- [    Test worker] o.e.jetty.server.handler.ContextHandler  : Started oeje10s.ServletContextHandler@33d7765a{ROOT,/,b=null,a=AVAILABLE,h=oeje10s.ServletHandler@69ed5ea2{STARTED}}
2026-06-01T22:56:01.552+02:00  INFO 24456 --- [    Test worker] o.e.j.s.handler.ContextHandler.ROOT      : RequestHandlerClass from context returned com.github.tomakehurst.wiremock.http.StubRequestHandler. Normalized mapped under returned 'null'
2026-06-01T22:56:01.553+02:00  INFO 24456 --- [    Test worker] o.e.j.e.servlet.ServletContextHandler    : Started oeje10s.ServletContextHandler@33d7765a{ROOT,/,b=null,a=AVAILABLE,h=oeje10s.ServletHandler@69ed5ea2{STARTED}}
2026-06-01T22:56:01.566+02:00  INFO 24456 --- [    Test worker] o.e.jetty.server.AbstractConnector       : Started oejs.NetworkTrafficServerConnector@5e10bf48{HTTP/1.1, (http/1.1, h2c)}{0.0.0.0:50681}
2026-06-01T22:56:01.567+02:00  INFO 24456 --- [    Test worker] org.eclipse.jetty.server.Server          : Started oejs.Server@69796bd0{STARTING}[12.1.4,sto=1000] @58ms
2026-06-01T22:56:01.568+02:00  INFO 24456 --- [    Test worker] c.w.s.i.WireMockServerCreator github-api : Started WireMockServer with name 'github-api':http://localhost:50681
2026-06-01T22:56:01.569+02:00  INFO 24456 --- [    Test worker] org.wiremock.spring.internal.Store       : Resolving store from context: application
2026-06-01T22:56:01.570+02:00  INFO 24456 --- [    Test worker] c.w.s.i.WireMockServerCreator github-api : Adding property 'github.url=http://localhost:50681' with HTTP base URL to Spring application context
2026-06-01T22:56:01.573+02:00  INFO 24456 --- [    Test worker] c.w.s.i.WireMockServerCreator github-api : Adding property 'wiremock.server.port=50681' with HTTP port to Spring application context
2026-06-01T22:56:01.593+02:00  INFO 24456 --- [    Test worker] c.e.g.GithubControllerIntegrationTest    : Starting GithubControllerIntegrationTest using Java 25.0.2 with PID 24456 (started by lukas in C:\Users\lukas\Downloads\github-proxy\github-proxy)
2026-06-01T22:56:01.594+02:00  INFO 24456 --- [    Test worker] c.e.g.GithubControllerIntegrationTest    : No active profile set, falling back to 1 default profile: "default"
2026-06-01T22:56:02.496+02:00  INFO 24456 --- [    Test worker] o.s.boot.tomcat.TomcatWebServer          : Tomcat initialized with port 0 (http)
2026-06-01T22:56:02.512+02:00  INFO 24456 --- [    Test worker] o.apache.catalina.core.StandardService   : Starting service [Tomcat]
2026-06-01T22:56:02.514+02:00  INFO 24456 --- [    Test worker] o.apache.catalina.core.StandardEngine    : Starting Servlet engine: [Apache Tomcat/11.0.14]
2026-06-01T22:56:02.595+02:00  INFO 24456 --- [    Test worker] b.w.c.s.WebApplicationContextInitializer : Root WebApplicationContext: initialization completed in 973 ms
2026-06-01T22:56:03.061+02:00  INFO 24456 --- [    Test worker] o.s.boot.tomcat.TomcatWebServer          : Tomcat started on port 50682 (http) with context path '/'
2026-06-01T22:56:03.067+02:00  INFO 24456 --- [    Test worker] c.e.g.GithubControllerIntegrationTest    : Started GithubControllerIntegrationTest in 2.798 seconds (process running for 4.533)
2026-06-01T22:56:03.682+02:00  INFO 24456 --- [    Test worker] org.wiremock.spring.internal.Store       : Resolving store from context: application
2026-06-01T22:56:03.683+02:00  INFO 24456 --- [    Test worker] org.wiremock.spring.internal.Store       : Resolving store from context: application
2026-06-01T22:56:03.684+02:00  INFO 24456 --- [    Test worker] org.wiremock.spring.internal.Store       : Resolving store from context: application
2026-06-01T22:56:03.684+02:00  INFO 24456 --- [    Test worker] o.w.s.i.WireMockSpringJunitExtension     : Configuring WireMock for default instance, 'github-api' on '50681'.
2026-06-01T22:56:03.803+02:00  INFO 24456 --- [o-auto-1-exec-1] o.a.c.c.C.[Tomcat].[localhost].[/]       : Initializing Spring DispatcherServlet 'dispatcherServlet'
2026-06-01T22:56:03.804+02:00  INFO 24456 --- [o-auto-1-exec-1] o.s.web.servlet.DispatcherServlet        : Initializing Servlet 'dispatcherServlet'
2026-06-01T22:56:03.805+02:00  INFO 24456 --- [o-auto-1-exec-1] o.s.web.servlet.DispatcherServlet        : Completed initialization in 1 ms
2026-06-01T22:56:04.043+02:00  INFO 24456 --- [qtp843702904-47] WireMock.github-api                      : Request received:
127.0.0.1 - GET /users/ghost-user/repos

Accept: [application/vnd.github+json]
X-GitHub-Api-Version: [2022-11-28]
Accept-Encoding: [gzip, x-gzip, deflate]
Host: [localhost:50681]
Connection: [keep-alive]
User-Agent: [Apache-HttpClient/5.5.1 (Java/25.0.2)]



Matched response definition:
{
  "status" : 404,
  "body" : "{ \"message\": \"Not Found\" }\n",
  "headers" : {
    "Content-Type" : "application/json"
  }
}

Response:
HTTP/1.1 404
Content-Type: [application/json]
Matched-Stub-Id: [69f9c755-6f4c-4eda-9d17-6870f5ad0d79]

2026-06-01T22:56:04.214+02:00  INFO 24456 --- [    Test worker] org.wiremock.spring.internal.Store       : Resolving store from context: application
2026-06-01T22:56:04.215+02:00  INFO 24456 --- [    Test worker] org.wiremock.spring.internal.Store       : Resolving store from context: application
2026-06-01T22:56:04.216+02:00  INFO 24456 --- [    Test worker] org.wiremock.spring.internal.Store       : Resolving store from context: application
2026-06-01T22:56:04.216+02:00  INFO 24456 --- [    Test worker] o.w.s.i.WireMockSpringJunitExtension     : Configuring WireMock for default instance, 'github-api' on '50681'.
2026-06-01T22:56:04.232+02:00  INFO 24456 --- [qtp843702904-41] WireMock.github-api                      : Request received:
127.0.0.1 - GET /users/forker/repos

Accept: [application/vnd.github+json]
X-GitHub-Api-Version: [2022-11-28]
Accept-Encoding: [gzip, x-gzip, deflate]
Host: [localhost:50681]
Connection: [keep-alive]
User-Agent: [Apache-HttpClient/5.5.1 (Java/25.0.2)]



Matched response definition:
{
  "status" : 200,
  "body" : "[\n  {\n    \"name\": \"forked-repo\",\n    \"fork\": true,\n    \"owner\": { \"login\": \"forker\" }\n  }\n]\n",
  "headers" : {
    "Content-Type" : "application/json"
  }
}

Response:
HTTP/1.1 200
Content-Type: [application/json]
Matched-Stub-Id: [9151baee-9d20-44c1-b8ac-d05212d11cdd]

2026-06-01T22:56:04.319+02:00  INFO 24456 --- [    Test worker] org.wiremock.spring.internal.Store       : Resolving store from context: application
2026-06-01T22:56:04.320+02:00  INFO 24456 --- [    Test worker] org.wiremock.spring.internal.Store       : Resolving store from context: application
2026-06-01T22:56:04.321+02:00  INFO 24456 --- [    Test worker] org.wiremock.spring.internal.Store       : Resolving store from context: application
2026-06-01T22:56:04.321+02:00  INFO 24456 --- [    Test worker] o.w.s.i.WireMockSpringJunitExtension     : Configuring WireMock for default instance, 'github-api' on '50681'.
2026-06-01T22:56:04.330+02:00  INFO 24456 --- [qtp843702904-47] WireMock.github-api                      : Request received:
127.0.0.1 - GET /users/octocat/repos

Accept: [application/vnd.github+json]
X-GitHub-Api-Version: [2022-11-28]
Accept-Encoding: [gzip, x-gzip, deflate]
Host: [localhost:50681]
Connection: [keep-alive]
User-Agent: [Apache-HttpClient/5.5.1 (Java/25.0.2)]



Matched response definition:
{
  "status" : 200,
  "body" : "[\n  {\n    \"name\": \"Hello-World\",\n    \"fork\": false,\n    \"owner\": { \"login\": \"octocat\" }\n  },\n  {\n    \"name\": \"forked-repo\",\n    \"fork\": true,\n    \"owner\": { \"login\": \"octocat\" }\n  }\n]\n",
  "headers" : {
    "Content-Type" : "application/json"
  }
}

Response:
HTTP/1.1 200
Content-Type: [application/json]
Matched-Stub-Id: [1f125fb8-03e8-47dc-9501-ddf295c59eeb]

2026-06-01T22:56:04.337+02:00  INFO 24456 --- [qtp843702904-46] WireMock.github-api                      : Request received:
127.0.0.1 - GET /repos/octocat/Hello-World/branches

Accept: [application/vnd.github+json]
X-GitHub-Api-Version: [2022-11-28]
Accept-Encoding: [gzip, x-gzip, deflate]
Host: [localhost:50681]
Connection: [keep-alive]
User-Agent: [Apache-HttpClient/5.5.1 (Java/25.0.2)]



Matched response definition:
{
  "status" : 200,
  "body" : "[\n  {\n    \"name\": \"main\",\n    \"commit\": { \"sha\": \"abc123\" }\n  },\n  {\n    \"name\": \"dev\",\n    \"commit\": { \"sha\": \"def456\" }\n  }\n]\n",
  "headers" : {
    "Content-Type" : "application/json"
  }
}

Response:
HTTP/1.1 200
Content-Type: [application/json]
Matched-Stub-Id: [bb558d33-0f55-4145-b539-2f29ac52540e]

]]></system-out>
  <system-err><![CDATA[Mockito is currently self-attaching to enable the inline-mock-maker. This will no longer work in future releases of the JDK. Please add Mockito as an agent to your build as described in Mockito's documentation: https://javadoc.io/doc/org.mockito/mockito-core/latest/org.mockito/org/mockito/Mockito.html#0.3
WARNING: A Java agent has been loaded dynamically (C:\Users\lukas\.gradle\caches\modules-2\files-2.1\net.bytebuddy\byte-buddy-agent\1.17.8\f09415827a71be7ed621c7bd02550678f28bc81c\byte-buddy-agent-1.17.8.jar)
WARNING: If a serviceability tool is in use, please run with -XX:+EnableDynamicAgentLoading to hide this warning
WARNING: If a serviceability tool is not in use, please run with -Djdk.instrument.traceUsage for more information
WARNING: Dynamic loading of agents will be disallowed by default in a future release
]]></system-err>
</testsuite>
